AlarmaVisual/app/build 2/intermediates/manifest_merge_blame_file/release/processReleaseMainManifest/manifest-merger-blame-release-report.txt
1<?xml version="1.0" encoding="utf-8"?>
2<manifest xmlns:android="http://schemas.android.com/apk/res/android"
3    package="com.example.alarmavisual"
4    android:versionCode="1"
5    android:versionName="1.0" >
6
7    <uses-sdk
8        android:minSdkVersion="33"
9        android:targetSdkVersion="34" />
10
11    <!-- Permiso de vibración -->
12    <uses-permission android:name="android.permission.VIBRATE" />
12-->src/main/AndroidManifest.xml:6:5-66
12-->src/main/AndroidManifest.xml:6:22-63
13    <uses-permission android:name="android.permission.WAKE_LOCK" />
13-->src/main/AndroidManifest.xml:7:5-68
13-->src/main/AndroidManifest.xml:7:22-65
14    <!-- <uses-permission android:name="android.permission.SET_ALARM" /> -->
15    <uses-permission android:name="com.android.alarm.permission.SET_ALARM" />
15-->src/main/AndroidManifest.xml:9:5-78
15-->src/main/AndroidManifest.xml:9:22-75
16    <uses-permission android:name="android.permission.RECEIVE_BOOT_COMPLETED" />
16-->src/main/AndroidManifest.xml:10:5-81
16-->src/main/AndroidManifest.xml:10:22-78
17    <uses-permission android:name="android.permission.SCHEDULE_EXACT_ALARM" />
17-->src/main/AndroidManifest.xml:11:5-79
17-->src/main/AndroidManifest.xml:11:22-76
18    <uses-permission android:name="android.permission.ACCESS_FINE_LOCATION" />
18-->src/main/AndroidManifest.xml:12:5-79
18-->src/main/AndroidManifest.xml:12:22-76
19    <uses-permission android:name="android.permission.ACCESS_COARSE_LOCATION" />
19-->src/main/AndroidManifest.xml:13:5-81
19-->src/main/AndroidManifest.xml:13:22-78
20    <uses-permission android:name="android.permission.FOREGROUND_SERVICE" />
20-->src/main/AndroidManifest.xml:14:5-77
20-->src/main/AndroidManifest.xml:14:22-74
21    <uses-permission android:name="android.permission.INTERNET" />
21-->src/main/AndroidManifest.xml:15:5-67
21-->src/main/AndroidManifest.xml:15:22-64
22    <uses-permission android:name="android.permission.ACCESS_FINE_LOCATION" />
22-->src/main/AndroidManifest.xml:12:5-79
22-->src/main/AndroidManifest.xml:12:22-76
23    <uses-permission android:name="android.permission.ACCESS_COARSE_LOCATION" />
23-->src/main/AndroidManifest.xml:13:5-81
23-->src/main/AndroidManifest.xml:13:22-78
24    <uses-permission android:name="android.permission.ACCESS_NETWORK_STATE" />
24-->src/main/AndroidManifest.xml:18:5-79
24-->src/main/AndroidManifest.xml:18:22-76
25
26    <uses-feature
26-->[com.google.android.gms:play-services-maps:19.0.0] AndroidManifest.xml:26:5-28:35
27        android:glEsVersion="0x00020000"
27-->[com.google.android.gms:play-services-maps:19.0.0] AndroidManifest.xml:27:9-41
28        android:required="true" />
28-->[com.google.android.gms:play-services-maps:19.0.0] AndroidManifest.xml:28:9-32
29
30    <queries>
30-->[com.google.android.gms:play-services-maps:19.0.0] AndroidManifest.xml:30:5-34:15
31
32        <!-- Needs to be explicitly declared on Android R+ -->
33        <package android:name="com.google.android.apps.maps" />
33-->[com.google.android.gms:play-services-maps:19.0.0] AndroidManifest.xml:33:9-64
33-->[com.google.android.gms:play-services-maps:19.0.0] AndroidManifest.xml:33:18-61
34    </queries>
35
36    <uses-permission android:name="com.google.android.gms.permission.AD_ID" />
36-->[com.google.android.gms:play-services-measurement-api:22.1.0] AndroidManifest.xml:25:5-79
36-->[com.google.android.gms:play-services-measurement-api:22.1.0] AndroidManifest.xml:25:22-76
37    <uses-permission android:name="android.permission.ACCESS_ADSERVICES_ATTRIBUTION" />
37-->[com.google.android.gms:play-services-measurement-api:22.1.0] AndroidManifest.xml:26:5-88
37-->[com.google.android.gms:play-services-measurement-api:22.1.0] AndroidManifest.xml:26:22-85
38    <uses-permission android:name="android.permission.ACCESS_ADSERVICES_AD_ID" />
38-->[com.google.android.gms:play-services-measurement-api:22.1.0] AndroidManifest.xml:27:5-82
38-->[com.google.android.gms:play-services-measurement-api:22.1.0] AndroidManifest.xml:27:22-79
39    <uses-permission android:name="com.google.android.providers.gsf.permission.READ_GSERVICES" />
39-->[com.google.android.recaptcha:recaptcha:18.4.0] AndroidManifest.xml:9:5-98
39-->[com.google.android.recaptcha:recaptcha:18.4.0] AndroidManifest.xml:9:22-95
40    <uses-permission android:name="com.google.android.finsky.permission.BIND_GET_INSTALL_REFERRER_SERVICE" />
40-->[com.google.android.gms:play-services-measurement:22.1.0] AndroidManifest.xml:26:5-110
40-->[com.google.android.gms:play-services-measurement:22.1.0] AndroidManifest.xml:26:22-107
41
42    <permission
42-->[androidx.core:core:1.13.1] AndroidManifest.xml:22:5-24:47
43        android:name="com.example.alarmavisual.DYNAMIC_RECEIVER_NOT_EXPORTED_PERMISSION"
43-->[androidx.core:core:1.13.1] AndroidManifest.xml:23:9-81
44        android:protectionLevel="signature" />
44-->[androidx.core:core:1.13.1] AndroidManifest.xml:24:9-44
45
46    <uses-permission android:name="com.example.alarmavisual.DYNAMIC_RECEIVER_NOT_EXPORTED_PERMISSION" />
46-->[androidx.core:core:1.13.1] AndroidManifest.xml:26:5-97
46-->[androidx.core:core:1.13.1] AndroidManifest.xml:26:22-94
47
48    <application
48-->src/main/AndroidManifest.xml:20:5-60:19
49        android:allowBackup="true"
49-->src/main/AndroidManifest.xml:21:9-35
50        android:appComponentFactory="androidx.core.app.CoreComponentFactory"
50-->[androidx.core:core:1.13.1] AndroidManifest.xml:28:18-86
51        android:dataExtractionRules="@xml/data_extraction_rules"
51-->src/main/AndroidManifest.xml:22:9-65
52        android:extractNativeLibs="false"
53        android:fullBackupContent="@xml/backup_rules"
53-->src/main/AndroidManifest.xml:23:9-54
54        android:icon="@mipmap/ic_launcher"
54-->src/main/AndroidManifest.xml:24:9-43
55        android:label="@string/app_name"
55-->src/main/AndroidManifest.xml:25:9-41
56        android:roundIcon="@mipmap/ic_launcher_round"
56-->src/main/AndroidManifest.xml:26:9-54
57        android:supportsRtl="true"
57-->src/main/AndroidManifest.xml:27:9-35
58        android:theme="@style/Theme.AlarmaVisual" >
58-->src/main/AndroidManifest.xml:28:9-50
59        <activity
59-->src/main/AndroidManifest.xml:30:9-38:20
60            android:name="com.example.alarmavisual.MainActivity"
60-->src/main/AndroidManifest.xml:31:13-41
61            android:exported="true"
61-->src/main/AndroidManifest.xml:32:13-36
62            android:theme="@style/Theme.AlarmaVisual" >
62-->src/main/AndroidManifest.xml:33:13-54
63            <intent-filter>
63-->src/main/AndroidManifest.xml:34:13-37:29
64                <action android:name="android.intent.action.MAIN" />
64-->src/main/AndroidManifest.xml:35:17-69
64-->src/main/AndroidManifest.xml:35:25-66
65
66                <category android:name="android.intent.category.LAUNCHER" />
66-->src/main/AndroidManifest.xml:36:17-77
66-->src/main/AndroidManifest.xml:36:27-74
67            </intent-filter>
68        </activity>
69
70        <receiver
70-->src/main/AndroidManifest.xml:39:9-41:39
71            android:name="com.example.alarmavisual.broadcast.AlarmReceiver"
71-->src/main/AndroidManifest.xml:40:13-52
72            android:exported="true" />
72-->src/main/AndroidManifest.xml:41:13-36
73
74        <meta-data
74-->src/main/AndroidManifest.xml:42:9-44:71
75            android:name="com.google.android.geo.API_KEY"
75-->src/main/AndroidManifest.xml:43:13-58
76            android:value="AIzaSyBi16IINx92LFJNHwKZ41IkUfzL2JLR0iQ" />
76-->src/main/AndroidManifest.xml:44:13-68
77
78        <service
78-->src/main/AndroidManifest.xml:45:9-49:74
79            android:name="com.example.alarmavisual.broadcast.AlarmForegroundService"
79-->src/main/AndroidManifest.xml:46:13-61
80            android:exported="true"
80-->src/main/AndroidManifest.xml:47:13-36
81            android:foregroundServiceType="shortService"
81-->src/main/AndroidManifest.xml:48:13-57
82            android:permission="android.permission.FOREGROUND_SERVICE" />
82-->src/main/AndroidManifest.xml:49:13-71
83
84        <receiver
84-->src/main/AndroidManifest.xml:50:9-59:20
85            android:name="com.example.alarmavisual.widget.AlarmWidgetProvider"
85-->src/main/AndroidManifest.xml:50:19-61
86            android:exported="true" >
86-->src/main/AndroidManifest.xml:51:13-36
87            <intent-filter>
87-->src/main/AndroidManifest.xml:52:13-54:29
88                <action android:name="android.appwidget.action.APPWIDGET_UPDATE" />
88-->src/main/AndroidManifest.xml:53:17-84
88-->src/main/AndroidManifest.xml:53:25-81
89            </intent-filter>
90
91            <meta-data
91-->src/main/AndroidManifest.xml:56:13-58:63
92                android:name="android.appwidget.provider"
92-->src/main/AndroidManifest.xml:57:17-58
93                android:resource="@xml/app_widget_provider" />
93-->src/main/AndroidManifest.xml:58:17-60
94        </receiver>
95        <!-- Needs to be explicitly declared on P+ -->
96        <uses-library
96-->[com.google.android.gms:play-services-maps:19.0.0] AndroidManifest.xml:39:9-41:40
97            android:name="org.apache.http.legacy"
97-->[com.google.android.gms:play-services-maps:19.0.0] AndroidManifest.xml:40:13-50
98            android:required="false" />
98-->[com.google.android.gms:play-services-maps:19.0.0] AndroidManifest.xml:41:13-37
99
100        <service
100-->[com.google.firebase:firebase-firestore-ktx:25.1.0] AndroidManifest.xml:9:9-15:19
101            android:name="com.google.firebase.components.ComponentDiscoveryService"
101-->[com.google.firebase:firebase-firestore-ktx:25.1.0] AndroidManifest.xml:10:13-84
102            android:directBootAware="true"
102-->[com.google.firebase:firebase-common:21.0.0] AndroidManifest.xml:32:13-43
103            android:exported="false" >
103-->[com.google.firebase:firebase-firestore-ktx:25.1.0] AndroidManifest.xml:11:13-37
104            <meta-data
104-->[com.google.firebase:firebase-firestore-ktx:25.1.0] AndroidManifest.xml:12:13-14:85
105                android:name="com.google.firebase.components:com.google.firebase.firestore.ktx.FirebaseFirestoreLegacyRegistrar"
105-->[com.google.firebase:firebase-firestore-ktx:25.1.0] AndroidManifest.xml:13:17-129
106                android:value="com.google.firebase.components.ComponentRegistrar" />
106-->[com.google.firebase:firebase-firestore-ktx:25.1.0] AndroidManifest.xml:14:17-82
107            <meta-data
107-->[com.google.firebase:firebase-firestore:25.1.0] AndroidManifest.xml:17:13-19:85
108                android:name="com.google.firebase.components:com.google.firebase.firestore.FirebaseFirestoreKtxRegistrar"
108-->[com.google.firebase:firebase-firestore:25.1.0] AndroidManifest.xml:18:17-122
109                android:value="com.google.firebase.components.ComponentRegistrar" />
109-->[com.google.firebase:firebase-firestore:25.1.0] AndroidManifest.xml:19:17-82
110            <meta-data
110-->[com.google.firebase:firebase-firestore:25.1.0] AndroidManifest.xml:20:13-22:85
111                android:name="com.google.firebase.components:com.google.firebase.firestore.FirestoreRegistrar"
111-->[com.google.firebase:firebase-firestore:25.1.0] AndroidManifest.xml:21:17-111
112                android:value="com.google.firebase.components.ComponentRegistrar" />
112-->[com.google.firebase:firebase-firestore:25.1.0] AndroidManifest.xml:22:17-82
113            <meta-data
113-->[com.google.firebase:firebase-auth-ktx:23.0.0] AndroidManifest.xml:11:13-13:85
114                android:name="com.google.firebase.components:com.google.firebase.auth.ktx.FirebaseAuthLegacyRegistrar"
114-->[com.google.firebase:firebase-auth-ktx:23.0.0] AndroidManifest.xml:12:17-119
115                android:value="com.google.firebase.components.ComponentRegistrar" />
115-->[com.google.firebase:firebase-auth-ktx:23.0.0] AndroidManifest.xml:13:17-82
116            <meta-data
116-->[com.google.firebase:firebase-auth:23.0.0] AndroidManifest.xml:69:13-71:85
117                android:name="com.google.firebase.components:com.google.firebase.auth.FirebaseAuthRegistrar"
117-->[com.google.firebase:firebase-auth:23.0.0] AndroidManifest.xml:70:17-109
118                android:value="com.google.firebase.components.ComponentRegistrar" />
118-->[com.google.firebase:firebase-auth:23.0.0] AndroidManifest.xml:71:17-82
119            <meta-data
119-->[com.google.android.gms:play-services-measurement-api:22.1.0] AndroidManifest.xml:37:13-39:85
120                android:name="com.google.firebase.components:com.google.firebase.analytics.connector.internal.AnalyticsConnectorRegistrar"
120-->[com.google.android.gms:play-services-measurement-api:22.1.0] AndroidManifest.xml:38:17-139
121                android:value="com.google.firebase.components.ComponentRegistrar" />
121-->[com.google.android.gms:play-services-measurement-api:22.1.0] AndroidManifest.xml:39:17-82
122            <meta-data
122-->[com.google.firebase:firebase-installations:18.0.0] AndroidManifest.xml:15:13-17:85
123                android:name="com.google.firebase.components:com.google.firebase.installations.FirebaseInstallationsKtxRegistrar"
123-->[com.google.firebase:firebase-installations:18.0.0] AndroidManifest.xml:16:17-130
124                android:value="com.google.firebase.components.ComponentRegistrar" />
124-->[com.google.firebase:firebase-installations:18.0.0] AndroidManifest.xml:17:17-82
125            <meta-data
125-->[com.google.firebase:firebase-installations:18.0.0] AndroidManifest.xml:18:13-20:85
126                android:name="com.google.firebase.components:com.google.firebase.installations.FirebaseInstallationsRegistrar"
126-->[com.google.firebase:firebase-installations:18.0.0] AndroidManifest.xml:19:17-127
127                android:value="com.google.firebase.components.ComponentRegistrar" />
127-->[com.google.firebase:firebase-installations:18.0.0] AndroidManifest.xml:20:17-82
128            <meta-data
128-->[com.google.firebase:firebase-common-ktx:21.0.0] AndroidManifest.xml:12:13-14:85
129                android:name="com.google.firebase.components:com.google.firebase.ktx.FirebaseCommonLegacyRegistrar"
129-->[com.google.firebase:firebase-common-ktx:21.0.0] AndroidManifest.xml:13:17-116
130                android:value="com.google.firebase.components.ComponentRegistrar" />
130-->[com.google.firebase:firebase-common-ktx:21.0.0] AndroidManifest.xml:14:17-82
131            <meta-data
131-->[com.google.firebase:firebase-common:21.0.0] AndroidManifest.xml:35:13-37:85
132                android:name="com.google.firebase.components:com.google.firebase.FirebaseCommonKtxRegistrar"
132-->[com.google.firebase:firebase-common:21.0.0] AndroidManifest.xml:36:17-109
133                android:value="com.google.firebase.components.ComponentRegistrar" />
133-->[com.google.firebase:firebase-common:21.0.0] AndroidManifest.xml:37:17-82
134        </service>
135
136        <activity
136-->[com.google.firebase:firebase-auth:23.0.0] AndroidManifest.xml:29:9-46:20
137            android:name="com.google.firebase.auth.internal.GenericIdpActivity"
137-->[com.google.firebase:firebase-auth:23.0.0] AndroidManifest.xml:30:13-80
138            android:excludeFromRecents="true"
138-->[com.google.firebase:firebase-auth:23.0.0] AndroidManifest.xml:31:13-46
139            android:exported="true"
139-->[com.google.firebase:firebase-auth:23.0.0] AndroidManifest.xml:32:13-36
140            android:launchMode="singleTask"
140-->[com.google.firebase:firebase-auth:23.0.0] AndroidManifest.xml:33:13-44
141            android:theme="@android:style/Theme.Translucent.NoTitleBar" >
141-->[com.google.firebase:firebase-auth:23.0.0] AndroidManifest.xml:34:13-72
142            <intent-filter>
142-->[com.google.firebase:firebase-auth:23.0.0] AndroidManifest.xml:35:13-45:29
143                <action android:name="android.intent.action.VIEW" />
143-->[com.google.firebase:firebase-auth:23.0.0] AndroidManifest.xml:36:17-69
143-->[com.google.firebase:firebase-auth:23.0.0] AndroidManifest.xml:36:25-66
144
145                <category android:name="android.intent.category.DEFAULT" />
145-->[com.google.firebase:firebase-auth:23.0.0] AndroidManifest.xml:38:17-76
145-->[com.google.firebase:firebase-auth:23.0.0] AndroidManifest.xml:38:27-73
146                <category android:name="android.intent.category.BROWSABLE" />
146-->[com.google.firebase:firebase-auth:23.0.0] AndroidManifest.xml:39:17-78
146-->[com.google.firebase:firebase-auth:23.0.0] AndroidManifest.xml:39:27-75
147
148                <data
148-->[com.google.firebase:firebase-auth:23.0.0] AndroidManifest.xml:41:17-44:51
149                    android:host="firebase.auth"
149-->[com.google.firebase:firebase-auth:23.0.0] AndroidManifest.xml:42:21-49
150                    android:path="/"
150-->[com.google.firebase:firebase-auth:23.0.0] AndroidManifest.xml:43:21-37
151                    android:scheme="genericidp" />
151-->[com.google.firebase:firebase-auth:23.0.0] AndroidManifest.xml:44:21-48
152            </intent-filter>
153        </activity>
154        <activity
154-->[com.google.firebase:firebase-auth:23.0.0] AndroidManifest.xml:47:9-64:20
155            android:name="com.google.firebase.auth.internal.RecaptchaActivity"
155-->[com.google.firebase:firebase-auth:23.0.0] AndroidManifest.xml:48:13-79
156            android:excludeFromRecents="true"
156-->[com.google.firebase:firebase-auth:23.0.0] AndroidManifest.xml:49:13-46
157            android:exported="true"
157-->[com.google.firebase:firebase-auth:23.0.0] AndroidManifest.xml:50:13-36
158            android:launchMode="singleTask"
158-->[com.google.firebase:firebase-auth:23.0.0] AndroidManifest.xml:51:13-44
159            android:theme="@android:style/Theme.Translucent.NoTitleBar" >
159-->[com.google.firebase:firebase-auth:23.0.0] AndroidManifest.xml:52:13-72
160            <intent-filter>
160-->[com.google.firebase:firebase-auth:23.0.0] AndroidManifest.xml:53:13-63:29
161                <action android:name="android.intent.action.VIEW" />
161-->[com.google.firebase:firebase-auth:23.0.0] AndroidManifest.xml:36:17-69
161-->[com.google.firebase:firebase-auth:23.0.0] AndroidManifest.xml:36:25-66
162
163                <category android:name="android.intent.category.DEFAULT" />
163-->[com.google.firebase:firebase-auth:23.0.0] AndroidManifest.xml:38:17-76
163-->[com.google.firebase:firebase-auth:23.0.0] AndroidManifest.xml:38:27-73
164                <category android:name="android.intent.category.BROWSABLE" />
164-->[com.google.firebase:firebase-auth:23.0.0] AndroidManifest.xml:39:17-78
164-->[com.google.firebase:firebase-auth:23.0.0] AndroidManifest.xml:39:27-75
165
166                <data
166-->[com.google.firebase:firebase-auth:23.0.0] AndroidManifest.xml:41:17-44:51
167                    android:host="firebase.auth"
167-->[com.google.firebase:firebase-auth:23.0.0] AndroidManifest.xml:42:21-49
168                    android:path="/"
168-->[com.google.firebase:firebase-auth:23.0.0] AndroidManifest.xml:43:21-37
169                    android:scheme="recaptcha" />
169-->[com.google.firebase:firebase-auth:23.0.0] AndroidManifest.xml:44:21-48
170            </intent-filter>
171        </activity>
172
173        <service
173-->[androidx.credentials:credentials-play-services-auth:1.2.0-rc01] AndroidManifest.xml:24:9-32:19
174            android:name="androidx.credentials.playservices.CredentialProviderMetadataHolder"
174-->[androidx.credentials:credentials-play-services-auth:1.2.0-rc01] AndroidManifest.xml:25:13-94
175            android:enabled="true"
175-->[androidx.credentials:credentials-play-services-auth:1.2.0-rc01] AndroidManifest.xml:26:13-35
176            android:exported="false" >
176-->[androidx.credentials:credentials-play-services-auth:1.2.0-rc01] AndroidManifest.xml:27:13-37
177            <meta-data
177-->[androidx.credentials:credentials-play-services-auth:1.2.0-rc01] AndroidManifest.xml:29:13-31:104
178                android:name="androidx.credentials.CREDENTIAL_PROVIDER_KEY"
178-->[androidx.credentials:credentials-play-services-auth:1.2.0-rc01] AndroidManifest.xml:30:17-76
179                android:value="androidx.credentials.playservices.CredentialProviderPlayServicesImpl" />
179-->[androidx.credentials:credentials-play-services-auth:1.2.0-rc01] AndroidManifest.xml:31:17-101
180        </service>
181
182        <activity
182-->[androidx.credentials:credentials-play-services-auth:1.2.0-rc01] AndroidManifest.xml:34:9-41:20
183            android:name="androidx.credentials.playservices.HiddenActivity"
183-->[androidx.credentials:credentials-play-services-auth:1.2.0-rc01] AndroidManifest.xml:35:13-76
184            android:configChanges="orientation|screenSize|screenLayout|keyboardHidden"
184-->[androidx.credentials:credentials-play-services-auth:1.2.0-rc01] AndroidManifest.xml:36:13-87
185            android:enabled="true"
185-->[androidx.credentials:credentials-play-services-auth:1.2.0-rc01] AndroidManifest.xml:37:13-35
186            android:exported="false"
186-->[androidx.credentials:credentials-play-services-auth:1.2.0-rc01] AndroidManifest.xml:38:13-37
187            android:fitsSystemWindows="true"
187-->[androidx.credentials:credentials-play-services-auth:1.2.0-rc01] AndroidManifest.xml:39:13-45
188            android:theme="@style/Theme.Hidden" >
188-->[androidx.credentials:credentials-play-services-auth:1.2.0-rc01] AndroidManifest.xml:40:13-48
189        </activity>
190        <activity
190-->[com.google.android.gms:play-services-auth:20.7.0] AndroidManifest.xml:23:9-27:75
191            android:name="com.google.android.gms.auth.api.signin.internal.SignInHubActivity"
191-->[com.google.android.gms:play-services-auth:20.7.0] AndroidManifest.xml:24:13-93
192            android:excludeFromRecents="true"
192-->[com.google.android.gms:play-services-auth:20.7.0] AndroidManifest.xml:25:13-46
193            android:exported="false"
193-->[com.google.android.gms:play-services-auth:20.7.0] AndroidManifest.xml:26:13-37
194            android:theme="@android:style/Theme.Translucent.NoTitleBar" />
194-->[com.google.android.gms:play-services-auth:20.7.0] AndroidManifest.xml:27:13-72
195        <!--
196            Service handling Google Sign-In user revocation. For apps that do not integrate with
197            Google Sign-In, this service will never be started.
198        -->
199        <service
199-->[com.google.android.gms:play-services-auth:20.7.0] AndroidManifest.xml:33:9-37:51
200            android:name="com.google.android.gms.auth.api.signin.RevocationBoundService"
200-->[com.google.android.gms:play-services-auth:20.7.0] AndroidManifest.xml:34:13-89
201            android:exported="true"
201-->[com.google.android.gms:play-services-auth:20.7.0] AndroidManifest.xml:35:13-36
202            android:permission="com.google.android.gms.auth.api.signin.permission.REVOCATION_NOTIFICATION"
202-->[com.google.android.gms:play-services-auth:20.7.0] AndroidManifest.xml:36:13-107
203            android:visibleToInstantApps="true" />
203-->[com.google.android.gms:play-services-auth:20.7.0] AndroidManifest.xml:37:13-48
204
205        <activity
205-->[com.google.android.gms:play-services-base:18.5.0] AndroidManifest.xml:5:9-173
206            android:name="com.google.android.gms.common.api.GoogleApiActivity"
206-->[com.google.android.gms:play-services-base:18.5.0] AndroidManifest.xml:5:19-85
207            android:exported="false"
207-->[com.google.android.gms:play-services-base:18.5.0] AndroidManifest.xml:5:146-170
208            android:theme="@android:style/Theme.Translucent.NoTitleBar" />
208-->[com.google.android.gms:play-services-base:18.5.0] AndroidManifest.xml:5:86-145
209
210        <property
210-->[com.google.android.gms:play-services-measurement-api:22.1.0] AndroidManifest.xml:30:9-32:61
211            android:name="android.adservices.AD_SERVICES_CONFIG"
211-->[com.google.android.gms:play-services-measurement-api:22.1.0] AndroidManifest.xml:31:13-65
212            android:resource="@xml/ga_ad_services_config" />
212-->[com.google.android.gms:play-services-measurement-api:22.1.0] AndroidManifest.xml:32:13-58
213
214        <provider
214-->[com.google.firebase:firebase-common:21.0.0] AndroidManifest.xml:23:9-28:39
215            android:name="com.google.firebase.provider.FirebaseInitProvider"
215-->[com.google.firebase:firebase-common:21.0.0] AndroidManifest.xml:24:13-77
216            android:authorities="com.example.alarmavisual.firebaseinitprovider"
216-->[com.google.firebase:firebase-common:21.0.0] AndroidManifest.xml:25:13-72
217            android:directBootAware="true"
217-->[com.google.firebase:firebase-common:21.0.0] AndroidManifest.xml:26:13-43
218            android:exported="false"
218-->[com.google.firebase:firebase-common:21.0.0] AndroidManifest.xml:27:13-37
219            android:initOrder="100" />
219-->[com.google.firebase:firebase-common:21.0.0] AndroidManifest.xml:28:13-36
220        <provider
220-->[androidx.work:work-runtime:2.9.1] AndroidManifest.xml:29:9-37:20
221            android:name="androidx.startup.InitializationProvider"
221-->[androidx.work:work-runtime:2.9.1] AndroidManifest.xml:30:13-67
222            android:authorities="com.example.alarmavisual.androidx-startup"
222-->[androidx.work:work-runtime:2.9.1] AndroidManifest.xml:31:13-68
223            android:exported="false" >
223-->[androidx.work:work-runtime:2.9.1] AndroidManifest.xml:32:13-37
224            <meta-data
224-->[androidx.work:work-runtime:2.9.1] AndroidManifest.xml:34:13-36:52
225                android:name="androidx.work.WorkManagerInitializer"
225-->[androidx.work:work-runtime:2.9.1] AndroidManifest.xml:35:17-68
226                android:value="androidx.startup" />
226-->[androidx.work:work-runtime:2.9.1] AndroidManifest.xml:36:17-49
227            <meta-data
227-->[androidx.emoji2:emoji2:1.3.0] AndroidManifest.xml:29:13-31:52
228                android:name="androidx.emoji2.text.EmojiCompatInitializer"
228-->[androidx.emoji2:emoji2:1.3.0] AndroidManifest.xml:30:17-75
229                android:value="androidx.startup" />
229-->[androidx.emoji2:emoji2:1.3.0] AndroidManifest.xml:31:17-49
230            <meta-data
230-->[androidx.lifecycle:lifecycle-process:2.8.6] AndroidManifest.xml:29:13-31:52
231                android:name="androidx.lifecycle.ProcessLifecycleInitializer"
231-->[androidx.lifecycle:lifecycle-process:2.8.6] AndroidManifest.xml:30:17-78
232                android:value="androidx.startup" />
232-->[androidx.lifecycle:lifecycle-process:2.8.6] AndroidManifest.xml:31:17-49
233            <meta-data
233-->[androidx.profileinstaller:profileinstaller:1.3.1] AndroidManifest.xml:29:13-31:52
234                android:name="androidx.profileinstaller.ProfileInstallerInitializer"
234-->[androidx.profileinstaller:profileinstaller:1.3.1] AndroidManifest.xml:30:17-85
235                android:value="androidx.startup" />
235-->[androidx.profileinstaller:profileinstaller:1.3.1] AndroidManifest.xml:31:17-49
236        </provider>
237
238        <service
238-->[androidx.work:work-runtime:2.9.1] AndroidManifest.xml:39:9-45:35
239            android:name="androidx.work.impl.background.systemalarm.SystemAlarmService"
239-->[androidx.work:work-runtime:2.9.1] AndroidManifest.xml:40:13-88
240            android:directBootAware="false"
240-->[androidx.work:work-runtime:2.9.1] AndroidManifest.xml:41:13-44
241            android:enabled="@bool/enable_system_alarm_service_default"
241-->[androidx.work:work-runtime:2.9.1] AndroidManifest.xml:42:13-72
242            android:exported="false" />
242-->[androidx.work:work-runtime:2.9.1] AndroidManifest.xml:43:13-37
243        <service
243-->[androidx.work:work-runtime:2.9.1] AndroidManifest.xml:46:9-52:35
244            android:name="androidx.work.impl.background.systemjob.SystemJobService"
244-->[androidx.work:work-runtime:2.9.1] AndroidManifest.xml:47:13-84
245            android:directBootAware="false"
245-->[androidx.work:work-runtime:2.9.1] AndroidManifest.xml:48:13-44
246            android:enabled="@bool/enable_system_job_service_default"
246-->[androidx.work:work-runtime:2.9.1] AndroidManifest.xml:49:13-70
247            android:exported="true"
247-->[androidx.work:work-runtime:2.9.1] AndroidManifest.xml:50:13-36
248            android:permission="android.permission.BIND_JOB_SERVICE" />
248-->[androidx.work:work-runtime:2.9.1] AndroidManifest.xml:51:13-69
249        <service
249-->[androidx.work:work-runtime:2.9.1] AndroidManifest.xml:53:9-59:35
250            android:name="androidx.work.impl.foreground.SystemForegroundService"
250-->[androidx.work:work-runtime:2.9.1] AndroidManifest.xml:54:13-81
251            android:directBootAware="false"
251-->[androidx.work:work-runtime:2.9.1] AndroidManifest.xml:55:13-44
252            android:enabled="@bool/enable_system_foreground_service_default"
252-->[androidx.work:work-runtime:2.9.1] AndroidManifest.xml:56:13-77
253            android:exported="false" />
253-->[androidx.work:work-runtime:2.9.1] AndroidManifest.xml:57:13-37
254
255        <receiver
255-->[androidx.work:work-runtime:2.9.1] AndroidManifest.xml:61:9-66:35
256            android:name="androidx.work.impl.utils.ForceStopRunnable$BroadcastReceiver"
256-->[androidx.work:work-runtime:2.9.1] AndroidManifest.xml:62:13-88
257            android:directBootAware="false"
257-->[androidx.work:work-runtime:2.9.1] AndroidManifest.xml:63:13-44
258            android:enabled="true"
258-->[androidx.work:work-runtime:2.9.1] AndroidManifest.xml:64:13-35
259            android:exported="false" />
259-->[androidx.work:work-runtime:2.9.1] AndroidManifest.xml:65:13-37
260        <receiver
260-->[androidx.work:work-runtime:2.9.1] AndroidManifest.xml:67:9-77:20
261            android:name="androidx.work.impl.background.systemalarm.ConstraintProxy$BatteryChargingProxy"
261-->[androidx.work:work-runtime:2.9.1] AndroidManifest.xml:68:13-106
262            android:directBootAware="false"
262-->[androidx.work:work-runtime:2.9.1] AndroidManifest.xml:69:13-44
263            android:enabled="false"